PocketMine-MP Crash Dump Wed Sep 18 00:21:15 UTC 2019

Error: Nesting level too deep - recursive dependency?
File: plugins/TradePeople_v2/src/tungst_tradePP/Main
Line: 90
Type: E_ERROR

THIS CRASH WAS CAUSED BY A PLUGIN
BAD PLUGIN: TradePP v2

Code:
[81] 				 case "huy":
[82] 				   if(in_array($sender,$this->request)){
[83] 				    unset($this->request[array_search($sender,$this->request)]);
[84] 					$sender->sendMessage("§d•§e Từ chối thành công");
[85] 				   }else{
[86] 					$sender->sendMessage("§d•§e Bạn không có lời mời mở Bưu Điện nào từ người chơi khác");
[87] 				   }
[88] 				  break;			
[89] 				 default:		    
[90]                          if($this->getServer()->getPlayer($args[0]) != null && $this->getServer()->getPlayer($args[0]) != $sender){
[91] 				   	       $this->request[$sender->getName()] = $this->getServer()->getPlayer($args[0])->getName();
[92] 							  $this->getServer()->getPlayer($args[0])->sendMessage("§d•§e ".$sender->getName(). " muốn mở mục Bưu Điện với bạn, gõ §e/buudien xacnhan (x) để xác nhận §b(§eTự động hủy sau 10 giây§b)");
[93] 						   $sender->sendMessage("§d•§b Đã gửi yêu cầu đến§e: ".$this->getServer()->getPlayer($args[0])->getName());
[94] 							  $this->getScheduler()->scheduleDelayedTask(new CheckTask($this,$sender->getName(),$this->getServer()->getPlayer($args[0])->getName()), 1200);				  
[95] 						 }else{
[96] 					       $sender->sendMessage("§d•§e Không thể tìm thấy người chơi này!");
[97] 						 }
[98] 							      
[99]                    break;
[100] 				 }

Backtrace:

PocketMine-MP version: 3.9.4 [Protocol 361]
Git commit: 1be6783c34ec51b578464899994285a7e8188590
uname -a: Windows NT VPSForAnime 6.3 build 9600 (Windows Server 2012 R2 Datacenter Edition) AMD64
PHP Version: 7.3.5
Zend version: 3.3.5
OS : WINNT, win

Loaded plugins:
PurePerms 1.4.2 by 64FF00 & ProjectInfinity for API(s) 3.0.0
FormAPI 1.3.0 by jojoe77777 for API(s) 3.2.0
PureChat 1.4.11 by 64FF00 for API(s) 3.0.0
Farms 1.0-non-alpha by Dấu Tên for API(s) 3.0.0, 4.0.0
essentialsTP 1.2.1 by  for API(s) 3.0.0
AlwaysSpawn 2.2.4 by Philip Shilling for API(s) 3.0.0
EssentialsPE 2.1.0 by LegendsOfMCPE Team for API(s) 3.0.0
ParticleFx 1 by DeadOnBushPH for API(s) 3.0.0
HeartWings 1.3 by Edit Nờ Cờ Dờ (NCD) for API(s) 3.0.0
WorldProtect 2.3.7 by aliuly for API(s) 3.0.0
PingTag 0.4 by UnknownBallin for API(s) 3.0.0
Broadcaster 1.5 by EvolSoft for API(s) 3.0.0
TopMoneyUI 1 by ExecutivAC for API(s) 3.0.0
MultiWorld 1.5.1-beta1 by CzechPMDevs, VixikCZ, fuyutsuki, kaliiks for API(s) 3.0.0
SimpleWarp 4.0.1 by Falkirks for API(s) 3.0.0
CapDao 1 by Thebarisgmgs Editor Nờ Cờ Dờ for API(s) 3.0.0
DevTools 1.13.0 by PocketMine Team for API(s) 3.0.0
TeaSpoon 1.2.0 by CortexPE for API(s) 3.9.0
SimpleSwim 1.0.0 by TheDeibo for API(s) 3.1.0
TopVoter 3.1.0 by SalmonDE for API(s) 3.0.0
Slapper 1.5.0 by jojoe77777 for API(s) 3.9.0
BlockPets 1.1.3 by BlockHorizons for API(s) 3.0.0
BlazinJoin 1.1.5 by iiFlamiinBlaze for API(s) 3.0.0
AutoXP 1.1.0 by JackMD for API(s) 3.0.0
SlapperRotation 1.2.0 by jojoe77777 for API(s) 3.0.1
Particles 1.3 by vk.com/eddir for API(s) 3.0.0
NapTheCham 1.0BETA by phuongaz for API(s) 3.0.0
HuongDanCachChoi 1.0.0 by Nờ Cờ Dờ (NCD) for API(s) 3.0.0
DropItem 2 by LNTK for API(s) 3.0.0
KeepInventory 1.1 by KhoaGamingPro for API(s) 3.0.0
AutoClearLagg 2.0.0 by Potatoe for API(s) 3.0.0
iProtector 3.1b by LDX for API(s) 3.0.0
Giftcode 1.0.0 by  for API(s) 3.0.0, 4.0.0
FactionsPro 1.3.11-5 by Tethered_ for API(s) 3.0.0
AuctionHouseUpgraded 1 by SonsaYT for API(s) 3.0.0
Cameraman 1.1.1 by ChalkPE for API(s) 3.0.0
BlazinRestart 1.0.0 by BlazeTheDev for API(s) 3.0.0
AutoSell 1 by phuongaz for API(s) 3.8.2
Texter 2.4.1 by yuko_fuyutsuki, mfmfnek0, onebone, ogiwara, Shootsta_ERU0531, Toganon, ShadowArt, Marron0421 for API(s) 3.0.0
TpTo 1.0.0 by LNTK for API(s) 3.0.0
RandomBlock 2.0.0 by CrazyTeam for API(s) 3.0.0
MuaFLY 1.2 by SableIamNoob for API(s) 3.1.1
Check_MB 2.5.0 by Team-TSQ for API(s) 3.0.0
InventoryMonitor 1.3.3 by PresentKim for API(s) 3.0.0, 3.0.0-ALPHA12, 4.0.0
PointAPI 2.0.9 by onebone | Djt Mẹ Thằng Lozz for API(s) 3.0.0
PiggyCustomEnchants 1.4.6 by DaPigGuy for API(s) 3.2.0
PetShop 1.0.0 by Của Tk Nghĩa Óc Khang Xin Edit Nha for API(s) 3.0.0
SETVIP 2.3 by MCPEVN TEAM for API(s) 3.0.0
blockMCPE14 3.5.4 by https://vk.com/ifreeze_dev for API(s) 3.0.0
VanillaEnchantments 3.1.0_ALPHA by TheAz928 for API(s) 3.0.0, 3.0.1, 3.0.2, 3.0.3
Strength 1.0.0 by LNTK for API(s) 3.0.0
CmdSnooper 1.0.0 by HotshotHD for API(s) 3.1.1
DEVirion 1.2.5-ALPHA12 by poggit, SOFe for API(s) 3.0.1
HealFeed 1.0.0 by Nờ Cờ Dờ (NCD) for API(s) 3.0.0
AutoInv 0.0.10 by JackNoordhuis for API(s) 3.0.0
Speed 1.0.0 by LNTK for API(s) 3.0.0
ScoreHud 3.0.0 by JackMD for API(s) 3.0.0
NCDEnchantUI 0.1 by Nờ Cờ Dờ (NCD) for API(s) 3.0.0
BlazinFly 1.8.7 by iiFlamiinBlaze for API(s) 3.0.0
Haste 1.0.0 by LNTK for API(s) 3.0.0
NCDMenuEnchantUI 1 by Nờ Cờ Dờ (NCD) for API(s) 3.0.0
CItem 1 by LLEEN for API(s) 3.0.0
NCDDoiPoint 1 by Nờ Cờ Dờ (NCD) for API(s) 3.0.0
EconomyAPI 5.7.3 by onebone for API(s) 3.0.0
SpiderBoss 2.0.2 by ace for API(s) 3.9.0
Jump 1.0.0 by LNTK for API(s) 3.0.0
TeleportTo 1.0.0 by LNTK for API(s) 3.0.0
PickaxeLevel 4 by phuongaz for API(s) 3.0.0
TimeCommander 1.0.2 by TheDeibo for API(s) 3.0.2
TradePP 2 by TungstenVn for API(s) 3.0.0
StairSeat 1.4.1 by korado531m7 for API(s) 3.9.0
UltraCapes 1.7.0 by SuperStulle007 for API(s) 3.0.0
CoolCrates 1.4 by ShadowLessMCPE for API(s) 1.12.0, 3.0.0-ALPHA7, 3.0.0-ALPHA8, 3.0.0
MuaStick 1 by Nờ Cờ Dờ (NCD) for API(s) 3.0.0
Mask 1 by xEmirhanWSD for API(s) 3.0.0, 4.0.0
NCDMuaVip 4 by Nờ Cờ Dờ (NCD) for API(s) 3.0.0
MuaKitUI 1.3.6 by Infernus101 for API(s) 3.0.0
SignEnchant Star by StarFaction for API(s) 1.0.0, 1.1.0, 1.2.0, 1.2.1, 3.0.0-ALPHA6, 3.0.0-ALPHA5, 3.0.0-ALPHA4, 2.0.0, 3.0.1
SizePlayer 1.0.3 by  for API(s) 3.0.0
MagicWE2 5.7.1 by XenialDan for API(s) 3.0.0
TapToDo 2.3.0 by georgianYT for API(s) 3.0.0, 3.0.0-ALPHA8, 3.0.0-ALPHA9, 3.0.0-ALPHA10, 3.0.0-ALPHA11, 3.0.0-APLHA12
BuyFix 1 by phuongaz for API(s) 3.0.0
BlockCMD 1.0.0-beta by kenygamer for API(s) 3.0.0-ALPHA10, 3.0.0-ALPHA11, 3.0.0-ALPHA12, 3.0.0
IronBoss 2.0.2 by ace for API(s) 3.9.0
EnderBoss 2.0.2 by ace for API(s) 3.9.0
SkyBlock 1 by KhoaGamingPro for API(s) 3.0.0
VoteReward 3.0.2 by LDX for API(s) 1.12.0, 3.0.1
CustomItem 1 by Phuongaz for API(s) 3.0.0-ALPHA12, 3.0.1
ShopUI 1.0.0 by Array for API(s) 3.0.0
CustomAlerts 2.0 by EvolSoft for API(s) 3.0.0
NCDEnchantCEUI 0.1 by Nờ Cờ Dờ (NCD) for API(s) 3.0.0
TransferTo 1.0.0 by ThinkerS for API(s) 3.0.0
MSpawns 2.2 by EvolSoft for API(s) 3.0.0
ItemFrameProtector 1.0.0 by WinterBuild7074 for API(s) 3.0.0, 3.1.0, 3.2.0, 3.3.0
CreeperBoss 2.0.2 by ace for API(s) 3.9.0
LuckyBlock 0.0.2 by Palente for API(s) 3.2.3
SellAll 1.2.10.2 by Array, KairusDarkSeeker, JackMD for API(s) 3.0.0, 3.0.0-ALPHA12

----------------------REPORT THE DATA BELOW THIS LINE-----------------------

===BEGIN CRASH DUMP===
eNrNPQ1z2zayfwWndnrxG0nWh787vjeu7DRpbEcXKUnvlR0PREISKpJg+WFb6et/f7sLkAQpx5Yc
Na+561hcEov9wu5iAYJ/NKYqDnh6cyviRKqwcdJrNlIZiMZJd//g6PDgoHO432yIOFZx4+SPRrqM
4Fbj4ubi3bu37xrNRiCShM8Qdi2SVIYz5otb4bNUKeYJEbEWi4WbAfJbAYBIhJ4I3eV/Q9Op9LFd
5GczGSa745h7YihU5Iub295uEru7aRbOkvQmpTvD3SsuQ2jnyxDaHXf+bJq2NzK8Vf6tCESYAkJP
Qo9pI78LEI16CCBXeQL5OOoC2En1/5jLE8GcxjxbOgBuNo569l3G5PQF9MLjmC9ffJsgC3Hz23Qu
k9a/YvF7Bozv7PyB7frVdiwLE5G+qD76C+G5SQSP3fnn0P268z3i27PwOal5tvUv/HulBf/CaThZ
p8MPPSfrdXo9fSHY2Mm6QkyYO8cfXleydI73RCecMxd/TffCmdPQ/exX6f5T+Ikghg6eTcAP2C/v
hmwxz3sz/faZTzR5kgXVH1Ns1elOOhnDv92ORLB7GLJQ065YavgC2unJHAHy2ely4FP3J7puztxh
jTmEHVVgk1jwxff6Cu8e23c9MeWZn57kOoUHjjvwAPvcP7AWo82ZSEcihqH1Yocuhj5fwsW3PJ4l
v3R+3WH/OGVh5vvsu+/YBk2MGsjkjrtV7jSN8K9mdIXqAOc1D8SLnV/Z6bqdWq1Qose9ilXontdG
tYbtOI32Kr1tALMg0+YcFhZDf8W++1nTuaUHJ5JNjEU22YzscJ+Z/nYnWeZJEbJ77oZzHrIX9zsa
S5eQ9Nm9MSkW0nDiXmjaTl4YHDTepl2rmXcMFk+Pi8MlS3jGuh02k4SptzTNd4yRHvdrIkUNrj3a
JoZnwt1H9qBTGBTUi4CeXaL6MLPIm0xDQ/oJyXtjS9B07z1uCu5ceJmv0SXm4lwgUm/Mk8WLUNyx
wVy4C7qihs1V1TefQV2TdXudzs73JVlI7n5dzIWrO666unwUbeDx3pSOLp0bw0lJA25gIHx/+Yjn
Mk5u+Y/cKA5XqEXo0QMizx3T8cOOSTs4eKDb6dj+4s8GBFEIry4ExV9+bTZmIhQx9zFChhyTgMZQ
uQuRXkHIbV1hAJ1AqCyThUa/fdzeQ3AmfQ9yhkPMFmRy44nbxsmUg2whDMcqVa4CrP2DLvQhMUh3
J+Lg8Kjv9veEu9+d7B8e7R3sHR3Dv73e0T6I86h7dLQPjrbZiPnClxNo02l3e22EZIa4jzL01F3C
rsfsw3D0UsVnIaQu7KDdZ0QQOz7odNiL/DFtO6zX6fbYux475ykwHqYAuvBkCgztsLOr8wPkJ5pH
gP+w3W/vw9UnUD4xqy/h5o1KsP/X19djANDFHaQaRUqSoAiHWQwJTRwktjwLWLNRirHb3mv3AMKz
dK5ieP6XxsHey5dA/HdsGKvfIJ95HU5lKNNlA9TEI4mP9NsdEAdci5BPfAEkpnEGAtdpVqJVmqhp
em4DAk450Y3uwHEKiqyfmGUpjjwP347GH9++uzwH0J2YJDJFLuZpGiUnu7ugy3k2absq2KW2JpUr
8YBAQC3B2fC1JYMcUpVAn1RrSeA39ZsSh/ivwnPv+TyXGB3HEFH8eIplZAX5Gsx5WtMngerq7HYf
0udG2rOMZYWpxkvuoskmYB7Q0c/iVqosGV60cnjjM6pGYstfW1A0oUE986ql6+uqWDqtUIUt7kdz
XpXOufaOGeatGLLCFUE1G3tfYu7zADTNycpzwp5UN7h7cA8SvNh4aDFWAVf567WrWt/SWLV7dJxa
/0+ycebf8WUyivhdaHFhQ20mesDEXlU5w7n0ZcRG8AfmXrNteaCI0CYGq+NwoihBihznErgSccne
aHz2bvx+uMLcRSGM4YXFXQVcZa9b9zOXYoa0vZ1eDYYXbCx4sC0ObSpWWVp7xGkCNX27Fc7QJ/E4
la4vXt7bXqkEVgy0NuggkX0b/pAl8+GrbbFc9uw4+Xz9KQN9BVPhFIL0zHYfFrAWJ6pMYOhm1zqZ
YgPz99z8fXE9ON/ZFmslReuz9lHFvgcuOsWKRMlcBVw1z377sMog92Xmby3sa2yOc4cURJqCOjsP
jbUHzPIqk/FUCt/bjShJDDBJzKs5aSzEbsATyK52K9yiyYIMx3xm26uB2KLo1N3Q+3ARqrvwB47+
YlvyqCCFuKgJKX6so+MfYnjCJVYtlmxo1YD3awZ8q/wRULctjqyOHadKxRr6vbu7awugCLG30wXy
N1bRlQrF8r2dw1nARzzMxb1ws1Teng22Zr+u46QqWn8EXmV+KskCLeotYE037W5rIlJe42PwSbjz
4dW5uEVv9EHey8Xgf7CEmS2zNMkWEn4vYGjJRbItRl3sMgpgIgXuJkB6acgC4zbtm4YSi5FdCxHI
aSSDyBcfeRxZcrKAtpwwE6tJ6CX3FzL+UvYBTZKOYx4mUzLYka/urMtK7CtFNTV9O05C9N4BvY5T
of1JMxnw6Jwri3UDeMS4x3Mx4bFMZsEsoRmkij8XiLZlFJqo9Y0f9DxWMJgtvgpQ1fC7K9Ovcua/
1Zwo799xLEo2CzwlZbsFDvRTgo8ipewktwDV0/QarwMVp+JeG1XB5PEX6Mng2ySy5m3a98tP5YAc
3clgZUASsDazqrME1nku5ERVWOo+n6Wy5/XND4LEB1UNiwXIJr+/mpSPuB+o8PxiW2aX43OcnILy
1zqsjHweRRVOckg9gKxXxfgC40p0x+up4YHhU1K0m/OAWYwPo2ooUttXlLCas6gn4fTgKxXLT6by
sJVExkYKqUxOzLozKc0V/yTDn5QMK2wVwDpftdxMypc+D6QMsYnYFmNVrMhZTo/9e62pfZaqn+3a
hAHU2arZ5E/cXVydb4sdjc1xdN/PNkuNZtdwUA65dyrlqay49fqdJ7z7Z4Yg5jDP9SZVAtb3iPn0
OHlgsv7ERPd2QWLCNYN4W6o7C2fCX5/6ax5BWBnMuR2SLGAtJP1wMT6r8hDNMxXO+Ket0Z/FfPRh
g0oDdn/OwwF354O5kna9oX7rifj6dUoONaI2yPxiFb1Oha2oAlQpONRqYdfjN1vL9Ex/6xP9Rojo
dXgLOb6KlxblVXjNuVUZeDNX/EdwruEMC+Nb4qSC1HEq5KzPHXq2gS94fMlns5rPLuHValBnNSsH
l6PE9gaQ1fezXbchCmZqMvzPeLfKEHAuTfFH2fmTBazlgpOaTZ7/vC12AZXjlB0/m2HA06JqrMUE
8PmjnKb5DiPDZQF63J1sebVjzMOx4hCXsPsBdL++ldrrSvZijr3aVF2263ZbtbRpLNK5iIV384XV
AGuV6gzm/aOIB2ZUGz4tsnBdhy7WH470+CuVJeJ9NMMtYl5lVD5w+5FqwAjI4P8Zb22+otFhVrVK
x/raHAAzMQ94WKls5LB6mlives25vxhubQrmIjrHcfPuHcem5MkhCCOQMLQjUWb270SSQvq0ktzn
8CeCOCXgNFO+/WuTe0NP7XLdqDESvl8LGAR6xBwfzLSO2r3nL9ZpfDrNx943KAOI+1oRQAOqoW6v
bn7LbKFu7AprMA2moVigDlUoJvAf/prJOx7jcvJorlQKcr25ePe+s99HbGM14yFNEEZz7qm7M5L5
FY9jFXb2et1tKT1ViyV4oCgIIsfR3IF1q1isG1vSO5lCIwouN7HMbgISXDS2nTBdPmHR20zgsL/1
tfyOh54KaJZu0WxDn0htBjH/tNxmqdHq+0eBwZB2N6VivWUD/vLyP5UlAwLUppr1ohXQ+JoH10pN
anW3Z081sV9csLuWs3kK3sNdnF/hIgBC14oAuLvu5uoHOwDkoKpCVkpXqIvWePTvrdnT6N8wKqjf
J8ku8usrFcpq4rhyq56Q1CbOw1jgssEbGTywqYT+ts4uh6/Our0vTbsWWByNdHeQZ+Z0BppOx3mA
8qcrBkqGaXX/VAGqD6jjKuPGSbL/Zee/peyKdn0eszHtRJx0wxm7VJ+2NhU3nQH/SB1gdByLzqfZ
lLPZcpAlqQouQojzYaUQ+dDd+oarg9rmBg6NfsyW29o7luPDpeEVYjYoAIkU4pS9xpZDnnDsA72T
mLPxgl3PaM9o75jTNmSv77I3QMeM/SxDpjdEzPnWJr/XuNISr8/i6GL84bVdlDSA2j6HKns4m/pw
zcYXZ1fbIlyjdJyRSD/ItRYBJxgqsFl3zyLfhlZnqvv1LQp5ODe1OjmNhfgkaDfslpiyiHGcKmVP
sveBh9L3uTFafFvGHmMP3V1ZpLkhT7my0nT26bh39Bnv2jV/e+Zv/7ms32oC10usfiwn6zl9uw9x
iPaaxiKcpXPbYnPQV8y28j43mNwF3ihUqrosZQGfIP4VZMtzlb4631aq4gZeorsGHdlkPF2tvPgg
42qNvwDVi/v7VrS2JzxqhjvLQZ1vX4pt1fk1Use5JVIcBway+WWR98QOxVeC+y9FpbZQgP4WNWZD
zGaFTEhlajNShFT3b4HgH1h4guQ49uaZ3No64W+ANMyROg50B3nHrZ6oaqKeDllRVUH6+msO/mgj
DYxccIGvsgrJOajqsztfZ+0v732DtaTBuXHElX1lFXDVnLr/D4PDJmd93nSRBydo9bqUnrTZZnVU
3+/5NdecaWZpU/b0ChruJbRdGV1/xZFCHW5kZlcizD5jatVbj5TTvpaxVQjaIBOoLfUNVtb5avxc
Xl5cXG9tVQWRQciXutN1dHKuJM0Oq+oooH8DTeS0rK+EC1eFKlhW5+oW0GZqv31YnwHlJc1tz8eF
poBm5BVq1oiK0hPxDypJKqGxANbLD7WMDN8q3NKWp7LT9dXxUxbY02y6/Ip+CvvbpETui0jFabXe
WwK/ZtW36HWDqoZ0F/xeXOLRD5WyjQWubCD+a7eF2P06Trl0sbY2ZCAGKgg4vvtrK6QCr+ukt8YG
zM7zV2Aqna+zsZQ4MSdfWDwUZ2F8dhPImI7dEOGHrb1lUT3IY4M8N+UyHonKG5clbOWVyyobCwXd
qf1+N9ja1ksLJeS8OSHWz3WYeu+DHAY8qmwCs4BVtg5XdsZmMKkepZnvi07ncGvvwRT9b5B1KOUP
cEHFZsQC1vRTY4MW5C5FkmABy2Kjm7/lbZXmD6uXR/nl8/dn50Ruspn0KuOjVFaWtwrQ/3fGkhOy
wYsxPKlwgpePcHF/EcgY8tKPo/Ntv5uLXSPdRMBaGX3GsaJbTeU17JEo89VyeKJkkzeU+BtZnZoU
oPrSVm2R43U4FXGYJd3O1payLZSOQ0Rs4K7lLDSzl8o7CyXU5gecZlzzCQAxu3gqDkHbWL6ROd/h
m79ubTmGg+rlfvUS7aFXqUw/+12IgiPHCdYWziehDyypyKYA1tOJ/l/xJjn1d4n94QtS+e/13MVM
uh8vehWXYUD1mU3NdfwsQsn9c761dOKeEHqcNl5rGtZ/Y3zMo7E6r+TZBlJ/EbcWeGdCxTPJwwc2
eT0cnfTlcW2Vub7qbJnw8JLq2s9NsniUKg+y9pKfpytV2fKltN8cN4BNdxZ9yWse1OMmxTXlLgZX
5/X3VBC0Mk2ilzlraaEIlzPceFZn4Gn9FOsOX/5eywCrphbdT2+IiFVYm4oXoK83Ec+73KAqEq7W
EErY16O86HODcLZY1rczFaBHBsgWt6BXy0fmvUd87draA3u1HPoKy1T092n/h6+8vcN3ZO3VAwtY
Xz/oPbYbu5Ksd79oW3ZJwvrbsnGpHd/go2btwI1EO6DdoXp7Rr0qWgIfUd/wM/6tNvyfv0pKVGxg
hXMVVZJDA3i8JERvUKbLobwX/rm4BW62NVF8jf1vMEkkds98EVd2G1TANS/w156PYPfsODU6nndC
QrlKNLj4zGoW3fg7rWchQRtUxMxL+NX6ZAl88mVkGS5EPNpajbLoeYNpFp11ZNtgDqkdf/TXmp/p
FOguen+e0aEfexkDJw+9XPPAzSdU9FHiSXg/4LF5h53DvQdT3K75m7v8/vPFUOvOcVYp3sDHxAK6
qGcZNvTr5RlWr+szcJm5q7mGBazvq6iRP+Q+nmNY2+rYf36uYZ/nRKhhelVQ8/zXxAyZGNSE759V
XmrIISsHqtW5/aVxlf0OnSCRb7iMs+Scx4uREAua/X1mf0M9h3/03L2qJD47lwaKX/Fw7T0PeDgk
RwsHw6+dsNG6GrajOZVDWi1NVws8nKTu6dTKdhTjZqpUYrG18c2wuGIDFU7ljOFp2k7shN98FB77
KfNZb491eifdo5P+IXs/HuCxl8f4gM/DWcZn4vRWUoNApd6pPjgTslvaUohg3W0LV4JOu8fdfg+B
d3NgpuXLJD1V0ylCeBiqLHTx4CesJLS4O5dCH8WdnKqQMKGfa5mzpkCxp60u9cvvTaPk9KiDEJyV
BcoTp3Q1VTGgLWCmPxCSh3tN8uvoNjLdeHI6lW4GSc8p4ddnmYIfaSUixZPJk1NiHxeFWmh0pwkP
50BuOC/hiRCe9Rged3768vJsjCCjl98zES9NnwYUg73kBOHvdsST5E7F3ul/0T8QU5aqVsJvhWkI
sr9reSBHDrI7PULQ/UTdt9DMK2LjoBjuJzl2DQzUJBcuHkdanL7VXgY+WgdDg2QuGUYW0yvqZB8M
ZMoqVgf2wsZzkQiWC4nxWLB0LhhMMxL4wfF4dFByyiaCydD1Mw8MDNCv2CXiGikwIzVFBHWcCZ+K
JlP4ZmCCKPWhtGypstjgYnLKQNdyKqkHUDMe5O4vEfG1uCvQ7ZojuRN2p8J/pgzfxecxQxkHwKzL
fX+JFOKhwZrvu7kIWUZvzwGCthOifWtkJ07I2Dcf5/TKIksVw5N+GaBgSRoT8SkmGz5PgSi6TaTC
MAFvxkCevkhJXrg30BUMcivPJwkGiFlbcT7mThidiYs3knmWegqVqU8VxlOYv/O/E+aQWjo+3Z3o
c9z5NG0yuMk/5MegX+qzrGV+2DU7+eA0iBPwoeqO4RDFw/jNcWzsVnL2bzRcfIYsOD+p7YSh+6Om
kNjfMY52kyhgwRCmhccNKpYlYBbgK0E1JBJwkvAkOGcvQSTlnRawMVGJsDq4oOGSYwJBMRzKDEwI
tITkTpb5cev4vBldxW1Let98lKAhFYKiOeTIsUi0PSCpuAwCJPEki8kPMbCCiUCpgLbE7xnHrxOw
mbyFZ2+5nwn2wnQKPnIHseseYVzTQngL7GA2E/EJ3Ka+r7NgAioCMz9LlqGLR1eDJcYQf5I2PfA+
AcHgWMs5xcfmMQSVDMwJHk+ajE7zYsZJwQBtgiwCfHcEYx/J5g6P71dBkIVg0viIRj4iewOewOxj
dQ/uIRUgBmCJhlJYEIeyNQS9nuLgwWdwkDSZTP8J4ktjauYJdMxkw7XG7AXwAApnPRILsdEynJ4Q
qvrg4WR9cRaGqE4PnaiKSAl0IHPSZjAZNb9ZgK80MTfmybxpewNjmSiROM6iVEO1wFAwAdBm+CLl
gsGBmPCgbhqh/FZJD8h+mAK0EbQ5yM8kWFfbMjR4uKUfym0WohREn3ipncSPvpqA8WA+wDQcxlkg
U/Q1gZjxyTIFgbORlnSHZCsTRE3Nx6i0O0mCJ4MCJ3LX0ohyG0uIwakECsFDCnxdCNHgewR5l9rG
QVkZjc6ZAj0pdBloFNjRjMhsEWknrINcQO8UEtI5SNn723OACdZj9GMS8GX0w6Q/IhKMOy9IMugS
Bt4Do7jwCoKw15yqfufg2BBGPuAjDQpDX/LPLVBIw4JIQofB3AyCYQjBkAl9piIYt9Ik6wGJwbN4
Wty7kMgkJUfab70dX5yw8avXI3b5+ur1GHz38PL1xYgNL94xyFjfXLxrMniIjd/CUxfs46u3lxds
+O7t4GI0atc9QEUe+92eEcdQxFJRgoB+OEEGXXzfMJdG4Wu7IHsINR65FnqkhSvy2ssSKshsgU/w
z2BN9GWZzxibNjLITTEgh/iY6YwwayTgeUs/ng9u6OMthhDMO6hBe/VptAUzUwC1RcLF9ERLFsnV
etVtCx7AvESUlKz2O4bXZOdhkgznfcP5jMcTGBktV/m+zpnJAT0sXRpqSI5pxUwrcN0BDzNKhmxK
IFHMwAZ3mnlIqBthboY6uk6ngEvzG5RDsM3eapevDR6yGZX5XkGLhBhyF7KS/kQjjoh8YPSg0zG8
Qm8vyVmsxEgyHY2h4G0aqyCPtbq1eaJlm6atYeTGaHLFNtgDJlWxjlGewKLKYkUHVeeG7GVBpLM9
nVIyc6OFN3J9neNDpgHRTmTmHMAVRHkY7PwBAUPMhrgHPdyCkSVJJtAxpHPQ2izPftFpYW8lVc1c
kTpFMEluW1ODj35WTjgdc+dZuEhy2gc8QqgMsgBCLC6fsHzGgopkevKmqSjliuPFiJJGzKqNQfIf
GYqowxZm5RnE3L1CY+dK36rbNKZG6PU0fv1wPoQ0LvOgzRklDi0XZqai4O0cSKFUBbJHlB5Qp/ML
jSXiOEdiuo3msOQOmhl5an7ynvHhMtlFAeIZODnex1E9ZodOGIoUFXZiQgRkZnPl6wxzwlOcwkKm
TyRD0gQmZIIM+TY9EzN3dWiZiCLX1OHtG1tL+S10q/EyReRN1upaCiTlUcetNCcG3Pb+gfHaZRqr
vwWWYTpMnOPcivJ8bAxAQ1abvYJUEGzplHI7Nhi+b0JboGEC4+tOemD2lCto71ngbxH+E3aYZ91l
Qp6QdKxn2+zMA0c15/50F1+KplmCh5+iMV1BpwwrOGhg1kAsw56FzJ6JXNyjV8MMk/tN7TSxa/PR
kTYD7yPIl2Ei/X4YDvM0vJyr4iwDG9HiF+DMojBqmevavOfKDMhEfhKFqjFhzzWM757n2RQk9Npy
rKi7d9zTjXbabGja+DyeUQNuJs3GTKjHacxnyB2oC9hKIp+SGZwJB0A8+gEeowoHvsSiD03tzVen
2NX4PVGaAEvI9iRLGZYSSMtld3ra0c7dUJBmLWx1QtTiAPDEJJud5FOZf7EuTmFMJoeTVrqfT1gT
PfcX+UQWmxlD6SIy7bc0tsFcwRQVjTOfwYh8jkrOzeMpZwm/zZ0olnDyUhfeK8c7h5gOnkDwNPcx
QKn+Ak6eMtNsC0yI0pUE3/ii9CVULn5egdqCHK/4EmSIxhKo23wCi+7f+EzyW638nu7SmrDkdSy7
ujGm8oQ2AP29P13YoWeNtrPEzPRdsPpU+wXTpqXbnLAIEopb6eu0t2LBuKQEbtogpLFFiRAwjGMp
xfHU65ikBYOHzodIcFgawxsmCSoEWoHniaaZgo+EyUnwe0RWfy+64EMe6KjJenCj+9ANkbrtHe3R
EmET0tWyQ9xYDjK1SibAk+seUZFaZlTVKstdXh5d0Lp14kzfttDYDaJiVDuhDiDGORqVqVymZoYS
og78eiBu5k9VCooPluf0jPksUBk6iKmOdMZfoF0a9lA0tJE0pHSNSKbQDI3fUaC2GpMVhULPuydC
I5uIKQ5vKlVSbJ3nw4lGEFUwKyFfs48dFeyDm2O8Tirw4lLMKnVQo7LzMJk8Bkwe1bBoVAOxeWOj
b01Nn1wFViVaWeTh9mDL9boYzbUGsbpmlbVen1NnVDpPyL+hPEWMwwbMEg+hYYY7Zqo4eepAbSqs
A74WGOs3bAYTwKQUT1kpKiTUXhWR8Xx3XNIMEbxwJoxuIhVlfj6yzQXGUHrG+Nsj7I+GSCsyLhKH
IXq9E5bn7DQwdWnsxAxGrOTRfFWDdfA16sJvuxQ1Fq8UG5p7C4/Gq4EK11UFR3NIc6fKUgh4rJZe
ZSqenCtUDJHSxsOY2lIRxaEKlwHOtxI8sDUBDpOSdJxEmvusvE8skPvns1kMM3ddpCuqoJiV4pfT
FnX+iD4YwG/P356APMxyjomr6CzuhE7qOcOv32GPCRFeMkCwtlXXhzBeSF5bplbOilBBn/q+sSXI
IMKWiYN2bkpwZYsO0v0QzcSqmDUZfampyXATHQX/tEj/IIxNRQwpfgsdUIjBVd/Ng7Suv/FKBc6s
7FnBO4NUF/IEcmK5rzAISfP6ft7HiqY1r7aqUxmUcc9Ed0SKz+dJGGoW/SV2SKVF0ygvI7fLDswd
u4dcmo/nD8Zra+3qUWGVbPISeypTI8+8ODM3QHIYOLsyCbtxGFjqhjmRRxmrnBaIYNoDjOiFFnRA
ecVCuzjAZzxkniVwX0K0M2K6uOd4tru5woQKaDS6OsmVpu+B3WLp7IT9QpkQRLkm1dJ+RaQ00ylT
DnsBiNjArDSWnqlW5MtzVIZ4KGBRckRxNKHEnGa5+M0KoNVkGjb5ul+iQf9kuJiHQUEHr7LHE4ZL
eie97w+b+8f33Wb/vt/sfd/93oOMQLvYF/j5Ghd96+lRR3tifbW3v6NTSL12YhcJ9AjH0AIyNjU8
SuOoCAdac5e4pJS5aRbnPjmfGcXFogh5HMADkcqlVbAkF1grX7EBW9C58jcvydVQV/R8BUlGiYL5
QrIFaVHi2i7LjSqiebW4B8eXmEmlu8C5R0ITKJDIRELWv9T1B3oO+QVSYMqjo4geM5pLwg+5SFz4
6kazgWfihQl9mO7kjwad4FJ+X3HiQiY5twC4thZ6PLZBKrjxVAqe0Aaa71EX11nsW5foHKzLqfTp
HMICMAvsrzzOIWpYlxLG1q11/VtSeSMrmOj1QesJTL482ldZgCK3wug7MTVlDLsZ+fmkAoF8JLAA
o+GldRUsk999+iKl+cX2cUNiDxcwWAsX+vc7e51D+PntaxgAh64L/z8+EAeH+9MD77An9t1pZ9o7
OJzuHYnuwaHb45NJr8++BdypWogQcgFbTEtOy8q4bwZfofiEr97gzk99/NEn/XHO/GG4ug8qSlDI
Sa/T6Xe7PdwMD+M7TBL7kWqDyBQVaf9pr93F05OajeG8Yg5lcLyh1CdLJX7mBLfVkXrkbCJDjqdI
F4cQEUbcUoIb9Ml/ePqrovo1EjdeRqkiQJ8AM68uc2nrCC5T0bcg5jvnCpd6yQg0LX/++X8qP8rs
===END CRASH DUMP===
